2023-02-27 04:58:04,147: =============== Logger setup complete ===============
2023-02-27 04:58:04,147: Log file location: /home/rutvik/Documents/code-challenge-template/src/logs/analytics_2023-02-27_04-58-04.log
2023-02-27 04:58:04,147: =============== ===================== ===============
2023-02-27 04:58:04,147: Process Start DateTime: 2023-02-27 04:58:04.147569
2023-02-27 04:58:04,307: START: analytics_orchestrator
2023-02-27 04:58:04,307: RUN: analytics_orchestrator >> data_extractor
2023-02-27 04:58:04,395: RUN: analytics_orchestrator >> statistics_calculator
2023-02-27 04:58:04,395: Computing statistics for the year: 1985
2023-02-27 04:58:06,480: Computing statistics for the year: 1986
2023-02-27 04:58:08,648: Computing statistics for the year: 1987
2023-02-27 04:58:10,742: Computing statistics for the year: 1988
2023-02-27 04:58:12,875: Computing statistics for the year: 1989
2023-02-27 04:58:14,997: Computing statistics for the year: 1990
2023-02-27 04:58:17,327: Computing statistics for the year: 1991
2023-02-27 04:58:19,667: Computing statistics for the year: 1992
2023-02-27 04:58:21,805: Computing statistics for the year: 1993
2023-02-27 04:58:23,901: Computing statistics for the year: 1994
2023-02-27 04:58:26,011: Computing statistics for the year: 1995
2023-02-27 04:58:28,124: Computing statistics for the year: 1996
2023-02-27 04:58:30,251: Computing statistics for the year: 1997
2023-02-27 04:58:32,355: Computing statistics for the year: 1998
2023-02-27 04:58:34,445: Computing statistics for the year: 1999
2023-02-27 04:58:36,546: Computing statistics for the year: 2000
2023-02-27 04:58:38,618: Computing statistics for the year: 2001
2023-02-27 04:58:40,657: Computing statistics for the year: 2002
2023-02-27 04:58:42,739: Computing statistics for the year: 2003
2023-02-27 04:58:44,747: Computing statistics for the year: 2004
2023-02-27 04:58:46,782: Computing statistics for the year: 2005
2023-02-27 04:58:48,806: Computing statistics for the year: 2006
2023-02-27 04:58:50,813: Computing statistics for the year: 2007
2023-02-27 04:58:52,799: Computing statistics for the year: 2008
2023-02-27 04:58:54,772: Computing statistics for the year: 2009
2023-02-27 04:58:56,720: Computing statistics for the year: 2010
2023-02-27 04:58:58,606: Computing statistics for the year: 2011
2023-02-27 04:59:00,497: Computing statistics for the year: 2012
2023-02-27 04:59:02,355: Computing statistics for the year: 2013
2023-02-27 04:59:04,163: Computing statistics for the year: 2014
2023-02-27 04:59:05,937: RUN: analytics_orchestrator >> results_json_writer
2023-02-27 04:59:05,961: RUN: analytics_orchestrator >> results_db_writer
2023-02-27 04:59:05,964: Number of new results identified: 5010
2023-02-27 04:59:05,964: START: Bulk insertion of results
2023-02-27 04:59:06,011: END: Bulk insertion of results
2023-02-27 04:59:06,011: END: analytics_orchestrator
2023-02-27 04:59:06,011: Process End DateTime: 2023-02-27 04:59:06.011101
2023-02-27 04:59:06,011: Total ingestion process time == 0:01:01.863532
