2023-03-03 01:25:27,510: =============== Logger setup complete ===============
2023-03-03 01:25:27,510: Log file location: /home/rutvik/Documents/code-challenge-template/src/logs/analytics_2023-03-03_01-25-27.log
2023-03-03 01:25:27,510: =============== ===================== ===============
2023-03-03 01:25:27,510: Process Start DateTime: 2023-03-03 01:25:27.510389
2023-03-03 01:25:27,722: START: analytics_orchestrator
2023-03-03 01:25:27,722: RUN: analytics_orchestrator >> data_extractor
2023-03-03 01:25:27,911: RUN: analytics_orchestrator >> statistics_calculator
2023-03-03 01:25:27,911: Computing statistics for the year: 1985
2023-03-03 01:25:30,428: Computing statistics for the year: 1986
2023-03-03 01:25:33,006: Computing statistics for the year: 1987
2023-03-03 01:25:35,514: Computing statistics for the year: 1988
2023-03-03 01:25:38,011: Computing statistics for the year: 1989
2023-03-03 01:25:40,539: Computing statistics for the year: 1990
2023-03-03 01:25:43,066: Computing statistics for the year: 1991
2023-03-03 01:25:45,607: Computing statistics for the year: 1992
2023-03-03 01:25:48,138: Computing statistics for the year: 1993
2023-03-03 01:25:50,670: Computing statistics for the year: 1994
2023-03-03 01:25:53,221: Computing statistics for the year: 1995
2023-03-03 01:25:55,768: Computing statistics for the year: 1996
2023-03-03 01:25:58,294: Computing statistics for the year: 1997
2023-03-03 01:26:00,835: Computing statistics for the year: 1998
2023-03-03 01:26:03,364: Computing statistics for the year: 1999
2023-03-03 01:26:05,905: Computing statistics for the year: 2000
2023-03-03 01:26:08,407: Computing statistics for the year: 2001
2023-03-03 01:26:10,874: Computing statistics for the year: 2002
2023-03-03 01:26:13,313: Computing statistics for the year: 2003
2023-03-03 01:26:15,735: Computing statistics for the year: 2004
2023-03-03 01:26:18,179: Computing statistics for the year: 2005
2023-03-03 01:26:20,620: Computing statistics for the year: 2006
2023-03-03 01:26:23,027: Computing statistics for the year: 2007
2023-03-03 01:26:25,430: Computing statistics for the year: 2008
2023-03-03 01:26:27,817: Computing statistics for the year: 2009
2023-03-03 01:26:30,157: Computing statistics for the year: 2010
2023-03-03 01:26:32,449: Computing statistics for the year: 2011
2023-03-03 01:26:34,743: Computing statistics for the year: 2012
2023-03-03 01:26:36,988: Computing statistics for the year: 2013
2023-03-03 01:26:39,167: Computing statistics for the year: 2014
2023-03-03 01:26:41,312: RUN: analytics_orchestrator >> results_json_writer
2023-03-03 01:26:41,337: RUN: analytics_orchestrator >> results_db_writer
2023-03-03 01:26:41,340: Number of new results identified: 5010
2023-03-03 01:26:41,340: START: Bulk insertion of results
2023-03-03 01:26:41,388: END: Bulk insertion of results
2023-03-03 01:26:41,388: END: analytics_orchestrator
2023-03-03 01:26:41,388: Process End DateTime: 2023-03-03 01:26:41.388811
2023-03-03 01:26:41,388: Total ingestion process time == 0:01:13.878422
