2023-02-27 04:57:10,730: =============== Logger setup complete ===============
2023-02-27 04:57:10,730: Number of wx_data files to be processed: 167
2023-02-27 04:57:10,730: Ingestion request endpoint: ingest.data_loader_batch
2023-02-27 04:57:10,730: Log file location: /home/rutvik/Documents/code-challenge-template/src/logs/ingestion_2023-02-27_04-57-10.log
2023-02-27 04:57:10,730: =============== ===================== ===============
2023-02-27 04:57:10,731: Process Start DateTime: 2023-02-27 04:57:10.730996
2023-02-27 04:57:10,735: Processing wx_data file: USC00110072.txt
2023-02-27 04:57:10,984: Processing wx_data file: USC00110187.txt
2023-02-27 04:57:11,235: Processing wx_data file: USC00110338.txt
2023-02-27 04:57:11,469: Processing wx_data file: USC00111280.txt
2023-02-27 04:57:11,671: Processing wx_data file: USC00111436.txt
2023-02-27 04:57:11,904: Processing wx_data file: USC00112140.txt
2023-02-27 04:57:12,142: Processing wx_data file: USC00112193.txt
2023-02-27 04:57:12,375: Processing wx_data file: USC00112348.txt
2023-02-27 04:57:12,590: Processing wx_data file: USC00112483.txt
2023-02-27 04:57:12,833: Processing wx_data file: USC00113335.txt
2023-02-27 04:57:13,070: Processing wx_data file: USC00113879.txt
2023-02-27 04:57:13,270: Processing wx_data file: USC00114108.txt
2023-02-27 04:57:13,510: Processing wx_data file: USC00114198.txt
2023-02-27 04:57:13,753: Processing wx_data file: USC00114442.txt
2023-02-27 04:57:14,000: Processing wx_data file: USC00114823.txt
2023-02-27 04:57:14,245: Processing wx_data file: USC00115079.txt
2023-02-27 04:57:14,478: Processing wx_data file: USC00115326.txt
2023-02-27 04:57:14,704: Processing wx_data file: USC00115515.txt
2023-02-27 04:57:14,844: Processing wx_data file: USC00115712.txt
2023-02-27 04:57:15,085: Processing wx_data file: USC00115768.txt
2023-02-27 04:57:15,320: Processing wx_data file: USC00115833.txt
2023-02-27 04:57:15,561: Processing wx_data file: USC00115901.txt
2023-02-27 04:57:15,810: Processing wx_data file: USC00115943.txt
2023-02-27 04:57:16,062: Processing wx_data file: USC00116446.txt
2023-02-27 04:57:16,305: Processing wx_data file: USC00116526.txt
2023-02-27 04:57:16,550: Processing wx_data file: USC00116558.txt
2023-02-27 04:57:16,789: Processing wx_data file: USC00116579.txt
2023-02-27 04:57:17,020: Processing wx_data file: USC00116610.txt
2023-02-27 04:57:17,261: Processing wx_data file: USC00116738.txt
2023-02-27 04:57:17,438: Processing wx_data file: USC00116910.txt
2023-02-27 04:57:17,677: Processing wx_data file: USC00117551.txt
2023-02-27 04:57:17,916: Processing wx_data file: USC00118147.txt
2023-02-27 04:57:18,134: Processing wx_data file: USC00118740.txt
2023-02-27 04:57:18,380: Processing wx_data file: USC00118916.txt
2023-02-27 04:57:18,628: Processing wx_data file: USC00119241.txt
2023-02-27 04:57:18,868: Processing wx_data file: USC00119354.txt
2023-02-27 04:57:19,109: Processing wx_data file: USC00120177.txt
2023-02-27 04:57:19,348: Processing wx_data file: USC00120200.txt
2023-02-27 04:57:19,591: Processing wx_data file: USC00120676.txt
2023-02-27 04:57:19,831: Processing wx_data file: USC00120784.txt
2023-02-27 04:57:20,077: Processing wx_data file: USC00121030.txt
2023-02-27 04:57:20,303: Processing wx_data file: USC00121229.txt
2023-02-27 04:57:20,441: Processing wx_data file: USC00121425.txt
2023-02-27 04:57:20,572: Processing wx_data file: USC00121747.txt
2023-02-27 04:57:20,819: Processing wx_data file: USC00121873.txt
2023-02-27 04:57:21,058: Processing wx_data file: USC00122149.txt
2023-02-27 04:57:21,278: Processing wx_data file: USC00123418.txt
2023-02-27 04:57:21,532: Processing wx_data file: USC00123513.txt
2023-02-27 04:57:21,772: Processing wx_data file: USC00123527.txt
2023-02-27 04:57:22,015: Processing wx_data file: USC00124008.txt
2023-02-27 04:57:22,137: Processing wx_data file: USC00124181.txt
2023-02-27 04:57:22,373: Processing wx_data file: USC00124837.txt
2023-02-27 04:57:22,618: Processing wx_data file: USC00125237.txt
2023-02-27 04:57:22,858: Processing wx_data file: USC00125337.txt
2023-02-27 04:57:23,099: Processing wx_data file: USC00126001.txt
2023-02-27 04:57:23,331: Processing wx_data file: USC00126580.txt
2023-02-27 04:57:23,571: Processing wx_data file: USC00126705.txt
2023-02-27 04:57:23,806: Processing wx_data file: USC00127125.txt
2023-02-27 04:57:24,044: Processing wx_data file: USC00127298.txt
2023-02-27 04:57:24,287: Processing wx_data file: USC00127482.txt
2023-02-27 04:57:24,530: Processing wx_data file: USC00127522.txt
2023-02-27 04:57:24,770: Processing wx_data file: USC00127646.txt
2023-02-27 04:57:25,013: Processing wx_data file: USC00127755.txt
2023-02-27 04:57:25,201: Processing wx_data file: USC00127875.txt
2023-02-27 04:57:25,382: Processing wx_data file: USC00127935.txt
2023-02-27 04:57:25,612: Processing wx_data file: USC00128036.txt
2023-02-27 04:57:25,852: Processing wx_data file: USC00129080.txt
2023-02-27 04:57:26,021: Processing wx_data file: USC00129113.txt
2023-02-27 04:57:26,262: Processing wx_data file: USC00129253.txt
2023-02-27 04:57:26,510: Processing wx_data file: USC00129511.txt
2023-02-27 04:57:26,661: Processing wx_data file: USC00129557.txt
2023-02-27 04:57:26,904: Processing wx_data file: USC00129670.txt
2023-02-27 04:57:27,146: Processing wx_data file: USC00130112.txt
2023-02-27 04:57:27,386: Processing wx_data file: USC00130133.txt
2023-02-27 04:57:27,628: Processing wx_data file: USC00130600.txt
2023-02-27 04:57:27,870: Processing wx_data file: USC00131402.txt
2023-02-27 04:57:28,112: Processing wx_data file: USC00131533.txt
2023-02-27 04:57:28,356: Processing wx_data file: USC00131635.txt
2023-02-27 04:57:28,600: Processing wx_data file: USC00132724.txt
2023-02-27 04:57:28,840: Processing wx_data file: USC00132789.txt
2023-02-27 04:57:29,084: Processing wx_data file: USC00132864.txt
2023-02-27 04:57:29,327: Processing wx_data file: USC00132977.txt
2023-02-27 04:57:29,571: Processing wx_data file: USC00132999.txt
2023-02-27 04:57:29,811: Processing wx_data file: USC00134063.txt
2023-02-27 04:57:30,049: Processing wx_data file: USC00134142.txt
2023-02-27 04:57:30,304: Processing wx_data file: USC00134735.txt
2023-02-27 04:57:30,548: Processing wx_data file: USC00134894.txt
2023-02-27 04:57:30,791: Processing wx_data file: USC00135769.txt
2023-02-27 04:57:31,032: Processing wx_data file: USC00135796.txt
2023-02-27 04:57:31,280: Processing wx_data file: USC00135952.txt
2023-02-27 04:57:31,527: Processing wx_data file: USC00137147.txt
2023-02-27 04:57:31,771: Processing wx_data file: USC00137161.txt
2023-02-27 04:57:32,015: Processing wx_data file: USC00137979.txt
2023-02-27 04:57:32,258: Processing wx_data file: USC00138296.txt
2023-02-27 04:57:32,499: Processing wx_data file: USC00138688.txt
2023-02-27 04:57:32,743: Processing wx_data file: USC00250070.txt
2023-02-27 04:57:32,940: Processing wx_data file: USC00250130.txt
2023-02-27 04:57:33,153: Processing wx_data file: USC00250375.txt
2023-02-27 04:57:33,393: Processing wx_data file: USC00250420.txt
2023-02-27 04:57:33,624: Processing wx_data file: USC00250435.txt
2023-02-27 04:57:33,868: Processing wx_data file: USC00250622.txt
2023-02-27 04:57:34,109: Processing wx_data file: USC00250640.txt
2023-02-27 04:57:34,353: Processing wx_data file: USC00251145.txt
2023-02-27 04:57:34,594: Processing wx_data file: USC00251200.txt
2023-02-27 04:57:34,834: Processing wx_data file: USC00252020.txt
2023-02-27 04:57:35,072: Processing wx_data file: USC00252100.txt
2023-02-27 04:57:35,309: Processing wx_data file: USC00252205.txt
2023-02-27 04:57:35,553: Processing wx_data file: USC00252820.txt
2023-02-27 04:57:35,798: Processing wx_data file: USC00252840.txt
2023-02-27 04:57:36,016: Processing wx_data file: USC00253035.txt
2023-02-27 04:57:36,063: Processing wx_data file: USC00253175.txt
2023-02-27 04:57:36,308: Processing wx_data file: USC00253185.txt
2023-02-27 04:57:36,552: Processing wx_data file: USC00253365.txt
2023-02-27 04:57:36,796: Processing wx_data file: USC00253615.txt
2023-02-27 04:57:37,040: Processing wx_data file: USC00253630.txt
2023-02-27 04:57:37,283: Processing wx_data file: USC00253660.txt
2023-02-27 04:57:37,528: Processing wx_data file: USC00253715.txt
2023-02-27 04:57:37,718: Processing wx_data file: USC00253735.txt
2023-02-27 04:57:37,962: Processing wx_data file: USC00253910.txt
2023-02-27 04:57:38,210: Processing wx_data file: USC00254110.txt
2023-02-27 04:57:38,450: Processing wx_data file: USC00254440.txt
2023-02-27 04:57:38,693: Processing wx_data file: USC00254900.txt
2023-02-27 04:57:38,939: Processing wx_data file: USC00254985.txt
2023-02-27 04:57:39,166: Processing wx_data file: USC00255080.txt
2023-02-27 04:57:39,382: Processing wx_data file: USC00255310.txt
2023-02-27 04:57:39,630: Processing wx_data file: USC00255470.txt
2023-02-27 04:57:39,820: Processing wx_data file: USC00255565.txt
2023-02-27 04:57:40,066: Processing wx_data file: USC00256040.txt
2023-02-27 04:57:40,268: Processing wx_data file: USC00256135.txt
2023-02-27 04:57:40,514: Processing wx_data file: USC00256570.txt
2023-02-27 04:57:40,756: Processing wx_data file: USC00256970.txt
2023-02-27 04:57:40,980: Processing wx_data file: USC00257070.txt
2023-02-27 04:57:41,223: Processing wx_data file: USC00257515.txt
2023-02-27 04:57:41,448: Processing wx_data file: USC00257715.txt
2023-02-27 04:57:41,694: Processing wx_data file: USC00258133.txt
2023-02-27 04:57:41,900: Processing wx_data file: USC00258395.txt
2023-02-27 04:57:42,179: Processing wx_data file: USC00258465.txt
2023-02-27 04:57:42,417: Processing wx_data file: USC00258480.txt
2023-02-27 04:57:42,660: Processing wx_data file: USC00258915.txt
2023-02-27 04:57:42,906: Processing wx_data file: USC00259090.txt
2023-02-27 04:57:43,115: Processing wx_data file: USC00259510.txt
2023-02-27 04:57:43,310: Processing wx_data file: USC00331072.txt
2023-02-27 04:57:43,554: Processing wx_data file: USC00331152.txt
2023-02-27 04:57:43,754: Processing wx_data file: USC00331541.txt
2023-02-27 04:57:43,999: Processing wx_data file: USC00331592.txt
2023-02-27 04:57:44,243: Processing wx_data file: USC00331890.txt
2023-02-27 04:57:44,484: Processing wx_data file: USC00332098.txt
2023-02-27 04:57:44,729: Processing wx_data file: USC00332119.txt
2023-02-27 04:57:44,858: Processing wx_data file: USC00332791.txt
2023-02-27 04:57:45,103: Processing wx_data file: USC00333375.txt
2023-02-27 04:57:45,350: Processing wx_data file: USC00333758.txt
2023-02-27 04:57:45,588: Processing wx_data file: USC00333780.txt
2023-02-27 04:57:45,833: Processing wx_data file: USC00334189.txt
2023-02-27 04:57:46,075: Processing wx_data file: USC00335041.txt
2023-02-27 04:57:46,319: Processing wx_data file: USC00335297.txt
2023-02-27 04:57:46,535: Processing wx_data file: USC00335315.txt
2023-02-27 04:57:46,758: Processing wx_data file: USC00336118.txt
2023-02-27 04:57:47,020: Processing wx_data file: USC00336196.txt
2023-02-27 04:57:47,266: Processing wx_data file: USC00336600.txt
2023-02-27 04:57:47,503: Processing wx_data file: USC00336781.txt
2023-02-27 04:57:47,750: Processing wx_data file: USC00338313.txt
2023-02-27 04:57:47,971: Processing wx_data file: USC00338534.txt
2023-02-27 04:57:48,205: Processing wx_data file: USC00338552.txt
2023-02-27 04:57:48,453: Processing wx_data file: USC00338769.txt
2023-02-27 04:57:48,702: Processing wx_data file: USC00338822.txt
2023-02-27 04:57:48,949: Processing wx_data file: USC00338830.txt
2023-02-27 04:57:49,194: Processing wx_data file: USC00339312.txt
2023-02-27 04:57:49,441: Number of bulk insert records identified: 1729957
2023-02-27 04:57:49,441: START: Bulk records insertion
2023-02-27 04:58:04,146: END: Bulk records insertion successful
2023-02-27 04:58:04,147: Process End DateTime: 2023-02-27 04:58:04.147010
2023-02-27 04:58:04,147: Total ingestion process time == 0:00:53.416014
2023-02-27 04:58:04,147: Initiated background task for weather statistics results computation for newly added records
