2023-03-03 01:24:37,555: =============== Logger setup complete ===============
2023-03-03 01:24:37,556: Number of wx_data files to be processed: 167
2023-03-03 01:24:37,556: Ingestion request endpoint: ingest.data_loader_batch
2023-03-03 01:24:37,556: Log file location: /home/rutvik/Documents/code-challenge-template/src/logs/ingestion_2023-03-03_01-24-37.log
2023-03-03 01:24:37,556: =============== ===================== ===============
2023-03-03 01:24:37,557: Process Start DateTime: 2023-03-03 01:24:37.557128
2023-03-03 01:24:37,561: Processing wx_data file: USC00110072.txt
2023-03-03 01:24:37,812: Processing wx_data file: USC00110187.txt
2023-03-03 01:24:38,011: Processing wx_data file: USC00110338.txt
2023-03-03 01:24:38,213: Processing wx_data file: USC00111280.txt
2023-03-03 01:24:38,393: Processing wx_data file: USC00111436.txt
2023-03-03 01:24:38,600: Processing wx_data file: USC00112140.txt
2023-03-03 01:24:38,814: Processing wx_data file: USC00112193.txt
2023-03-03 01:24:39,016: Processing wx_data file: USC00112348.txt
2023-03-03 01:24:39,203: Processing wx_data file: USC00112483.txt
2023-03-03 01:24:39,412: Processing wx_data file: USC00113335.txt
2023-03-03 01:24:39,615: Processing wx_data file: USC00113879.txt
2023-03-03 01:24:39,786: Processing wx_data file: USC00114108.txt
2023-03-03 01:24:39,996: Processing wx_data file: USC00114198.txt
2023-03-03 01:24:40,204: Processing wx_data file: USC00114442.txt
2023-03-03 01:24:40,412: Processing wx_data file: USC00114823.txt
2023-03-03 01:24:40,619: Processing wx_data file: USC00115079.txt
2023-03-03 01:24:40,819: Processing wx_data file: USC00115326.txt
2023-03-03 01:24:41,022: Processing wx_data file: USC00115515.txt
2023-03-03 01:24:41,143: Processing wx_data file: USC00115712.txt
2023-03-03 01:24:41,354: Processing wx_data file: USC00115768.txt
2023-03-03 01:24:41,563: Processing wx_data file: USC00115833.txt
2023-03-03 01:24:41,772: Processing wx_data file: USC00115901.txt
2023-03-03 01:24:41,983: Processing wx_data file: USC00115943.txt
2023-03-03 01:24:42,193: Processing wx_data file: USC00116446.txt
2023-03-03 01:24:42,396: Processing wx_data file: USC00116526.txt
2023-03-03 01:24:42,604: Processing wx_data file: USC00116558.txt
2023-03-03 01:24:42,808: Processing wx_data file: USC00116579.txt
2023-03-03 01:24:43,012: Processing wx_data file: USC00116610.txt
2023-03-03 01:24:43,226: Processing wx_data file: USC00116738.txt
2023-03-03 01:24:43,384: Processing wx_data file: USC00116910.txt
2023-03-03 01:24:43,596: Processing wx_data file: USC00117551.txt
2023-03-03 01:24:43,809: Processing wx_data file: USC00118147.txt
2023-03-03 01:24:43,998: Processing wx_data file: USC00118740.txt
2023-03-03 01:24:44,207: Processing wx_data file: USC00118916.txt
2023-03-03 01:24:44,422: Processing wx_data file: USC00119241.txt
2023-03-03 01:24:44,629: Processing wx_data file: USC00119354.txt
2023-03-03 01:24:44,835: Processing wx_data file: USC00120177.txt
2023-03-03 01:24:45,042: Processing wx_data file: USC00120200.txt
2023-03-03 01:24:45,258: Processing wx_data file: USC00120676.txt
2023-03-03 01:24:45,469: Processing wx_data file: USC00120784.txt
2023-03-03 01:24:45,729: Processing wx_data file: USC00121030.txt
2023-03-03 01:24:45,927: Processing wx_data file: USC00121229.txt
2023-03-03 01:24:46,047: Processing wx_data file: USC00121425.txt
2023-03-03 01:24:46,163: Processing wx_data file: USC00121747.txt
2023-03-03 01:24:46,377: Processing wx_data file: USC00121873.txt
2023-03-03 01:24:46,590: Processing wx_data file: USC00122149.txt
2023-03-03 01:24:46,778: Processing wx_data file: USC00123418.txt
2023-03-03 01:24:46,991: Processing wx_data file: USC00123513.txt
2023-03-03 01:24:47,193: Processing wx_data file: USC00123527.txt
2023-03-03 01:24:47,405: Processing wx_data file: USC00124008.txt
2023-03-03 01:24:47,512: Processing wx_data file: USC00124181.txt
2023-03-03 01:24:47,720: Processing wx_data file: USC00124837.txt
2023-03-03 01:24:47,932: Processing wx_data file: USC00125237.txt
2023-03-03 01:24:48,149: Processing wx_data file: USC00125337.txt
2023-03-03 01:24:48,369: Processing wx_data file: USC00126001.txt
2023-03-03 01:24:48,576: Processing wx_data file: USC00126580.txt
2023-03-03 01:24:48,789: Processing wx_data file: USC00126705.txt
2023-03-03 01:24:48,994: Processing wx_data file: USC00127125.txt
2023-03-03 01:24:49,204: Processing wx_data file: USC00127298.txt
2023-03-03 01:24:49,419: Processing wx_data file: USC00127482.txt
2023-03-03 01:24:49,633: Processing wx_data file: USC00127522.txt
2023-03-03 01:24:49,847: Processing wx_data file: USC00127646.txt
2023-03-03 01:24:50,065: Processing wx_data file: USC00127755.txt
2023-03-03 01:24:50,235: Processing wx_data file: USC00127875.txt
2023-03-03 01:24:50,396: Processing wx_data file: USC00127935.txt
2023-03-03 01:24:50,600: Processing wx_data file: USC00128036.txt
2023-03-03 01:24:50,811: Processing wx_data file: USC00129080.txt
2023-03-03 01:24:50,961: Processing wx_data file: USC00129113.txt
2023-03-03 01:24:51,177: Processing wx_data file: USC00129253.txt
2023-03-03 01:24:51,397: Processing wx_data file: USC00129511.txt
2023-03-03 01:24:51,531: Processing wx_data file: USC00129557.txt
2023-03-03 01:24:51,744: Processing wx_data file: USC00129670.txt
2023-03-03 01:24:51,957: Processing wx_data file: USC00130112.txt
2023-03-03 01:24:52,167: Processing wx_data file: USC00130133.txt
2023-03-03 01:24:52,380: Processing wx_data file: USC00130600.txt
2023-03-03 01:24:52,592: Processing wx_data file: USC00131402.txt
2023-03-03 01:24:52,807: Processing wx_data file: USC00131533.txt
2023-03-03 01:24:53,022: Processing wx_data file: USC00131635.txt
2023-03-03 01:24:53,235: Processing wx_data file: USC00132724.txt
2023-03-03 01:24:53,448: Processing wx_data file: USC00132789.txt
2023-03-03 01:24:53,662: Processing wx_data file: USC00132864.txt
2023-03-03 01:24:53,876: Processing wx_data file: USC00132977.txt
2023-03-03 01:24:54,091: Processing wx_data file: USC00132999.txt
2023-03-03 01:24:54,304: Processing wx_data file: USC00134063.txt
2023-03-03 01:24:54,515: Processing wx_data file: USC00134142.txt
2023-03-03 01:24:54,727: Processing wx_data file: USC00134735.txt
2023-03-03 01:24:54,940: Processing wx_data file: USC00134894.txt
2023-03-03 01:24:55,156: Processing wx_data file: USC00135769.txt
2023-03-03 01:24:55,368: Processing wx_data file: USC00135796.txt
2023-03-03 01:24:55,615: Processing wx_data file: USC00135952.txt
2023-03-03 01:24:55,832: Processing wx_data file: USC00137147.txt
2023-03-03 01:24:56,048: Processing wx_data file: USC00137161.txt
2023-03-03 01:24:56,264: Processing wx_data file: USC00137979.txt
2023-03-03 01:24:56,477: Processing wx_data file: USC00138296.txt
2023-03-03 01:24:56,690: Processing wx_data file: USC00138688.txt
2023-03-03 01:24:56,905: Processing wx_data file: USC00250070.txt
2023-03-03 01:24:57,081: Processing wx_data file: USC00250130.txt
2023-03-03 01:24:57,270: Processing wx_data file: USC00250375.txt
2023-03-03 01:24:57,485: Processing wx_data file: USC00250420.txt
2023-03-03 01:24:57,688: Processing wx_data file: USC00250435.txt
2023-03-03 01:24:57,905: Processing wx_data file: USC00250622.txt
2023-03-03 01:24:58,120: Processing wx_data file: USC00250640.txt
2023-03-03 01:24:58,337: Processing wx_data file: USC00251145.txt
2023-03-03 01:24:58,550: Processing wx_data file: USC00251200.txt
2023-03-03 01:24:58,774: Processing wx_data file: USC00252020.txt
2023-03-03 01:24:58,989: Processing wx_data file: USC00252100.txt
2023-03-03 01:24:59,201: Processing wx_data file: USC00252205.txt
2023-03-03 01:24:59,416: Processing wx_data file: USC00252820.txt
2023-03-03 01:24:59,631: Processing wx_data file: USC00252840.txt
2023-03-03 01:24:59,824: Processing wx_data file: USC00253035.txt
2023-03-03 01:24:59,866: Processing wx_data file: USC00253175.txt
2023-03-03 01:25:00,082: Processing wx_data file: USC00253185.txt
2023-03-03 01:25:00,299: Processing wx_data file: USC00253365.txt
2023-03-03 01:25:00,517: Processing wx_data file: USC00253615.txt
2023-03-03 01:25:00,749: Processing wx_data file: USC00253630.txt
2023-03-03 01:25:00,989: Processing wx_data file: USC00253660.txt
2023-03-03 01:25:01,226: Processing wx_data file: USC00253715.txt
2023-03-03 01:25:01,399: Processing wx_data file: USC00253735.txt
2023-03-03 01:25:01,620: Processing wx_data file: USC00253910.txt
2023-03-03 01:25:01,837: Processing wx_data file: USC00254110.txt
2023-03-03 01:25:02,050: Processing wx_data file: USC00254440.txt
2023-03-03 01:25:02,265: Processing wx_data file: USC00254900.txt
2023-03-03 01:25:02,480: Processing wx_data file: USC00254985.txt
2023-03-03 01:25:02,674: Processing wx_data file: USC00255080.txt
2023-03-03 01:25:02,866: Processing wx_data file: USC00255310.txt
2023-03-03 01:25:03,081: Processing wx_data file: USC00255470.txt
2023-03-03 01:25:03,251: Processing wx_data file: USC00255565.txt
2023-03-03 01:25:03,468: Processing wx_data file: USC00256040.txt
2023-03-03 01:25:03,646: Processing wx_data file: USC00256135.txt
2023-03-03 01:25:03,864: Processing wx_data file: USC00256570.txt
2023-03-03 01:25:04,078: Processing wx_data file: USC00256970.txt
2023-03-03 01:25:04,274: Processing wx_data file: USC00257070.txt
2023-03-03 01:25:04,491: Processing wx_data file: USC00257515.txt
2023-03-03 01:25:04,688: Processing wx_data file: USC00257715.txt
2023-03-03 01:25:04,906: Processing wx_data file: USC00258133.txt
2023-03-03 01:25:05,093: Processing wx_data file: USC00258395.txt
2023-03-03 01:25:05,348: Processing wx_data file: USC00258465.txt
2023-03-03 01:25:05,558: Processing wx_data file: USC00258480.txt
2023-03-03 01:25:05,771: Processing wx_data file: USC00258915.txt
2023-03-03 01:25:05,987: Processing wx_data file: USC00259090.txt
2023-03-03 01:25:06,173: Processing wx_data file: USC00259510.txt
2023-03-03 01:25:06,345: Processing wx_data file: USC00331072.txt
2023-03-03 01:25:06,562: Processing wx_data file: USC00331152.txt
2023-03-03 01:25:06,737: Processing wx_data file: USC00331541.txt
2023-03-03 01:25:06,954: Processing wx_data file: USC00331592.txt
2023-03-03 01:25:07,170: Processing wx_data file: USC00331890.txt
2023-03-03 01:25:07,390: Processing wx_data file: USC00332098.txt
2023-03-03 01:25:07,607: Processing wx_data file: USC00332119.txt
2023-03-03 01:25:07,721: Processing wx_data file: USC00332791.txt
2023-03-03 01:25:07,944: Processing wx_data file: USC00333375.txt
2023-03-03 01:25:08,159: Processing wx_data file: USC00333758.txt
2023-03-03 01:25:08,371: Processing wx_data file: USC00333780.txt
2023-03-03 01:25:08,587: Processing wx_data file: USC00334189.txt
2023-03-03 01:25:08,801: Processing wx_data file: USC00335041.txt
2023-03-03 01:25:09,021: Processing wx_data file: USC00335297.txt
2023-03-03 01:25:09,213: Processing wx_data file: USC00335315.txt
2023-03-03 01:25:09,408: Processing wx_data file: USC00336118.txt
2023-03-03 01:25:09,624: Processing wx_data file: USC00336196.txt
2023-03-03 01:25:09,837: Processing wx_data file: USC00336600.txt
2023-03-03 01:25:10,046: Processing wx_data file: USC00336781.txt
2023-03-03 01:25:10,261: Processing wx_data file: USC00338313.txt
2023-03-03 01:25:10,457: Processing wx_data file: USC00338534.txt
2023-03-03 01:25:10,668: Processing wx_data file: USC00338552.txt
2023-03-03 01:25:10,884: Processing wx_data file: USC00338769.txt
2023-03-03 01:25:11,103: Processing wx_data file: USC00338822.txt
2023-03-03 01:25:11,324: Processing wx_data file: USC00338830.txt
2023-03-03 01:25:11,540: Processing wx_data file: USC00339312.txt
2023-03-03 01:25:11,762: Number of bulk insert records identified: 1729957
2023-03-03 01:25:11,763: START: Bulk records insertion
2023-03-03 01:25:27,509: END: Bulk records insertion successful
2023-03-03 01:25:27,509: Process End DateTime: 2023-03-03 01:25:27.509824
2023-03-03 01:25:27,509: Total ingestion process time == 0:00:49.952696
2023-03-03 01:25:27,509: Initiated background task for weather statistics results computation for newly added records
